<?xml version="1.0" encoding="UTF-8"?>
<testsuite name="com.olr.pairingtest.PairingtestApplicationTests" tests="2" skipped="0" failures="0" errors="0" timestamp="2021-03-03T14:10:02" hostname="OLROPOLAP62" time="0.298">
  <properties/>
  <testcase name="testPalindrome()" classname="com.olr.pairingtest.PairingtestApplicationTests" time="0.294"/>
  <testcase name="testFindLongestPalindrome()" classname="com.olr.pairingtest.PairingtestApplicationTests" time="0.003"/>
  <system-out><![CDATA[14:10:01.498 [Test worker] DEBUG org.springframework.test.context.BootstrapUtils - Instantiating CacheAwareContextLoaderDelegate from class [org.springframework.test.context.cache.DefaultCacheAwareContextLoaderDelegate]
14:10:01.510 [Test worker] DEBUG org.springframework.test.context.BootstrapUtils - Instantiating BootstrapContext using constructor [public org.springframework.test.context.support.DefaultBootstrapContext(java.lang.Class,org.springframework.test.context.CacheAwareContextLoaderDelegate)]
14:10:01.540 [Test worker] DEBUG org.springframework.test.context.BootstrapUtils - Instantiating TestContextBootstrapper for test class [com.olr.pairingtest.PairingtestApplicationTests] from class [org.springframework.boot.test.context.SpringBootTestContextBootstrapper]
14:10:01.550 [Test worker] INFO org.springframework.boot.test.context.SpringBootTestContextBootstrapper - Neither @ContextConfiguration nor @ContextHierarchy found for test class [com.olr.pairingtest.PairingtestApplicationTests], using SpringBootContextLoader
14:10:01.553 [Test worker] DEBUG org.springframework.test.context.support.AbstractContextLoader - Did not detect default resource location for test class [com.olr.pairingtest.PairingtestApplicationTests]: class path resource [com/olr/pairingtest/PairingtestApplicationTests-context.xml] does not exist
14:10:01.554 [Test worker] DEBUG org.springframework.test.context.support.AbstractContextLoader - Did not detect default resource location for test class [com.olr.pairingtest.PairingtestApplicationTests]: class path resource [com/olr/pairingtest/PairingtestApplicationTestsContext.groovy] does not exist
14:10:01.554 [Test worker] INFO org.springframework.test.context.support.AbstractContextLoader - Could not detect default resource locations for test class [com.olr.pairingtest.PairingtestApplicationTests]: no resource found for suffixes {-context.xml, Context.groovy}.
14:10:01.554 [Test worker] INFO org.springframework.test.context.support.AnnotationConfigContextLoaderUtils - Could not detect default configuration classes for test class [com.olr.pairingtest.PairingtestApplicationTests]: PairingtestApplicationTests does not declare any static, non-private, non-final, nested classes annotated with @Configuration.
14:10:01.611 [Test worker] DEBUG org.springframework.test.context.support.ActiveProfilesUtils - Could not find an 'annotation declaring class' for annotation type [org.springframework.test.context.ActiveProfiles] and class [com.olr.pairingtest.PairingtestApplicationTests]
14:10:01.693 [Test worker] DEBUG org.springframework.context.annotation.ClassPathScanningCandidateComponentProvider - Identified candidate component class: file [C:\Users\dionogu\Documents\workspace\pairingTests\github\pairingtest\build\classes\java\main\com\olr\pairingtest\PairingtestApplication.class]
14:10:01.696 [Test worker] INFO org.springframework.boot.test.context.SpringBootTestContextBootstrapper - Found @SpringBootConfiguration com.olr.pairingtest.PairingtestApplication for test class com.olr.pairingtest.PairingtestApplicationTests
14:10:01.795 [Test worker] DEBUG org.springframework.boot.test.context.SpringBootTestContextBootstrapper - @TestExecutionListeners is not present for class [com.olr.pairingtest.PairingtestApplicationTests]: using defaults.
14:10:01.795 [Test worker] INFO org.springframework.boot.test.context.SpringBootTestContextBootstrapper - Loaded default TestExecutionListener class names from location [META-INF/spring.factories]: [org.springframework.boot.test.autoconfigure.restdocs.RestDocsTestExecutionListener, org.springframework.boot.test.autoconfigure.web.client.MockRestServiceServerResetTestExecutionListener, org.springframework.boot.test.autoconfigure.web.servlet.MockMvcPrintOnlyOnFailureTestExecutionListener, org.springframework.boot.test.autoconfigure.web.servlet.WebDriverTestExecutionListener, org.springframework.boot.test.autoconfigure.webservices.client.MockWebServiceServerTestExecutionListener, org.springframework.boot.test.mock.mockito.MockitoTestExecutionListener, org.springframework.boot.test.mock.mockito.ResetMocksTestExecutionListener, org.springframework.test.context.web.ServletTestExecutionListener, org.springframework.test.context.support.DirtiesContextBeforeModesTestExecutionListener, org.springframework.test.context.event.ApplicationEventsTestExecutionListener, org.springframework.test.context.support.DependencyInjectionTestExecutionListener, org.springframework.test.context.support.DirtiesContextTestExecutionListener, org.springframework.test.context.transaction.TransactionalTestExecutionListener, org.springframework.test.context.jdbc.SqlScriptsTestExecutionListener, org.springframework.test.context.event.EventPublishingTestExecutionListener]
14:10:01.803 [Test worker] DEBUG org.springframework.boot.test.context.SpringBootTestContextBootstrapper - Skipping candidate TestExecutionListener [org.springframework.test.context.web.ServletTestExecutionListener] due to a missing dependency. Specify custom listener classes or make the default listener classes and their required dependencies available. Offending class: [javax/servlet/ServletContext]
14:10:01.804 [Test worker] DEBUG org.springframework.boot.test.context.SpringBootTestContextBootstrapper - Skipping candidate TestExecutionListener [org.springframework.test.context.transaction.TransactionalTestExecutionListener] due to a missing dependency. Specify custom listener classes or make the default listener classes and their required dependencies available. Offending class: [org/springframework/transaction/interceptor/TransactionAttributeSource]
14:10:01.806 [Test worker] DEBUG org.springframework.boot.test.context.SpringBootTestContextBootstrapper - Skipping candidate TestExecutionListener [org.springframework.test.context.jdbc.SqlScriptsTestExecutionListener] due to a missing dependency. Specify custom listener classes or make the default listener classes and their required dependencies available. Offending class: [org/springframework/transaction/interceptor/TransactionAttribute]
14:10:01.806 [Test worker] INFO org.springframework.boot.test.context.SpringBootTestContextBootstrapper - Using TestExecutionListeners: [org.springframework.test.context.support.DirtiesContextBeforeModesTestExecutionListener@64e5f896, org.springframework.test.context.event.ApplicationEventsTestExecutionListener@65b0039, org.springframework.boot.test.mock.mockito.MockitoTestExecutionListener@3e665485, org.springframework.boot.test.autoconfigure.SpringBootDependencyInjectionTestExecutionListener@15125d18, org.springframework.test.context.support.DirtiesContextTestExecutionListener@5ef83664, org.springframework.test.context.event.EventPublishingTestExecutionListener@fcbf4a, org.springframework.boot.test.autoconfigure.restdocs.RestDocsTestExecutionListener@cb211ac, org.springframework.boot.test.autoconfigure.web.client.MockRestServiceServerResetTestExecutionListener@bcf77bf, org.springframework.boot.test.autoconfigure.web.servlet.MockMvcPrintOnlyOnFailureTestExecutionListener@149b3bb4, org.springframework.boot.test.autoconfigure.web.servlet.WebDriverTestExecutionListener@71f8c082, org.springframework.boot.test.autoconfigure.webservices.client.MockWebServiceServerTestExecutionListener@6d5b9060, org.springframework.boot.test.mock.mockito.ResetMocksTestExecutionListener@1dd960fb]
14:10:01.808 [Test worker] DEBUG org.springframework.test.context.support.AbstractDirtiesContextTestExecutionListener - Before test class: context [DefaultTestContext@8d0666d testClass = PairingtestApplicationTests, testInstance = [null], testMethod = [null], testException = [null], mergedContextConfiguration = [MergedContextConfiguration@14faab8e testClass = PairingtestApplicationTests, locations = '{}', classes = '{class com.olr.pairingtest.PairingtestApplication}', contextInitializerClasses = '[]', activeProfiles = '{}', propertySourceLocations = '{}', propertySourceProperties = '{org.springframework.boot.test.context.SpringBootTestContextBootstrapper=true}', contextCustomizers = set[org.springframework.boot.test.autoconfigure.actuate.metrics.MetricsExportContextCustomizerFactory$DisableMetricExportContextCustomizer@3fe4efd6, org.springframework.boot.test.autoconfigure.properties.PropertyMappingContextCustomizer@0, org.springframework.boot.test.autoconfigure.web.servlet.WebDriverContextCustomizerFactory$Customizer@2549f5ec, org.springframework.boot.test.context.filter.ExcludeFilterContextCustomizer@2f274e68, org.springframework.boot.test.json.DuplicateJsonObjectContextCustomizerFactory$DuplicateJsonObjectContextCustomizer@5cadf34b, org.springframework.boot.test.mock.mockito.MockitoContextCustomizer@0, org.springframework.boot.test.web.client.TestRestTemplateContextCustomizer@8123861, org.springframework.boot.test.context.SpringBootTestArgs@1, org.springframework.boot.test.context.SpringBootTestWebEnvironment@5b6ff36a], contextLoader = 'org.springframework.boot.test.context.SpringBootContextLoader', parent = [null]], attributes = map[[empty]]], class annotated with @DirtiesContext [false] with mode [null].
14:10:01.821 [Test worker] DEBUG org.springframework.test.context.support.DependencyInjectionTestExecutionListener - Performing dependency injection for test context [[DefaultTestContext@8d0666d testClass = PairingtestApplicationTests, testInstance = com.olr.pairingtest.PairingtestApplicationTests@18140759, testMethod = [null], testException = [null], mergedContextConfiguration = [MergedContextConfiguration@14faab8e testClass = PairingtestApplicationTests, locations = '{}', classes = '{class com.olr.pairingtest.PairingtestApplication}', contextInitializerClasses = '[]', activeProfiles = '{}', propertySourceLocations = '{}', propertySourceProperties = '{org.springframework.boot.test.context.SpringBootTestContextBootstrapper=true}', contextCustomizers = set[org.springframework.boot.test.autoconfigure.actuate.metrics.MetricsExportContextCustomizerFactory$DisableMetricExportContextCustomizer@3fe4efd6, org.springframework.boot.test.autoconfigure.properties.PropertyMappingContextCustomizer@0, org.springframework.boot.test.autoconfigure.web.servlet.WebDriverContextCustomizerFactory$Customizer@2549f5ec, org.springframework.boot.test.context.filter.ExcludeFilterContextCustomizer@2f274e68, org.springframework.boot.test.json.DuplicateJsonObjectContextCustomizerFactory$DuplicateJsonObjectContextCustomizer@5cadf34b, org.springframework.boot.test.mock.mockito.MockitoContextCustomizer@0, org.springframework.boot.test.web.client.TestRestTemplateContextCustomizer@8123861, org.springframework.boot.test.context.SpringBootTestArgs@1, org.springframework.boot.test.context.SpringBootTestWebEnvironment@5b6ff36a], contextLoader = 'org.springframework.boot.test.context.SpringBootContextLoader', parent = [null]], attributes = map['org.springframework.test.context.event.ApplicationEventsTestExecutionListener.recordApplicationEvents' -> false]]].
14:10:01.859 [Test worker] DEBUG org.springframework.test.context.support.TestPropertySourceUtils - Adding inlined properties to environment: {spring.jmx.enabled=false, org.springframework.boot.test.context.SpringBootTestContextBootstrapper=true}

  .   ____          _            __ _ _
 /\\ / ___'_ __ _ _(_)_ __  __ _ \ \ \ \
( ( )\___ | '_ | '_| | '_ \/ _` | \ \ \ \
 \\/  ___)| |_)| | | | | || (_| |  ) ) ) )
  '  |____| .__|_| |_|_| |_\__, | / / / /
 =========|_|==============|___/=/_/_/_/
 :: Spring Boot ::                (v2.4.3)

2021-03-03 14:10:02.080  INFO 14768 --- [    Test worker] c.o.p.PairingtestApplicationTests        : Starting PairingtestApplicationTests using Java 11.0.9 on OLROPOLAP62 with PID 14768 (started by dionogu in C:\Users\dionogu\Documents\workspace\pairingTests\github\pairingtest)
2021-03-03 14:10:02.082  INFO 14768 --- [    Test worker] c.o.p.PairingtestApplicationTests        : No active profile set, falling back to default profiles: default
2021-03-03 14:10:02.469  INFO 14768 --- [    Test worker] c.o.p.PairingtestApplicationTests        : Started PairingtestApplicationTests in 0.606 seconds (JVM running for 2.207)
]]></system-out>
  <system-err><![CDATA[]]></system-err>
</testsuite>
